<?xml version="1.0" encoding="utf-8"?><testsuites><testsuite name="pytest" errors="0" failures="0" skipped="0" tests="0" time="0.009" timestamp="2022-01-15T00:30:38.229393" hostname="Sachins-MacBook-Air.local" /></testsuites>